[12345.678901] Out of memory: Kill process 12345 (python3) score 800 or sacrifice child
[12345.678902] Killed process 12345 (python3) total-vm:1234567kB, anon-rss:456789kB, file-rss:0kB, shmem-rss:0kB
[12345.678903] [ pid ]   uid  tgid total_vm      rss pgtables_bytes swapents oom_score_adj name
[12345.678904] [12345]     100 12345  1234567   456789   6553600      0          -1000 python3
[12345.678905] oom_reaper: reaped process 12345 (python3), now anon-rss: 0kB, file-rss: 0kB, shmem-rss: 0kB
[12345.678901] Out of memory: Kill process 12345 (python3) score 800 or sacrifice child
[12345.678902] Killed process 12345 (python3) total-vm:1234567kB, anon-rss:456789kB, file-rss:0kB, shmem-rss:0kB
[12345.678903] [ pid ]   uid  tgid total_vm      rss pgtables_bytes swapents oom_score_adj name
[12345.678904] [12345]     100 12345  1234567   456789   6553600      0          -1000 python3
[12345.678905] oom_reaper: reaped process 12345 (python3), now anon-rss: 0kB, file-rss: 0kB, shmem-rss: 0kB
[12345.678901] Out of memory: Kill process 12345 (python3) score 800 or sacrifice child
[12345.678902] Killed process 12345 (python3) total-vm:1234567kB, anon-rss:456789kB, file-rss:0kB, shmem-rss:0kB
[12345.678903] [ pid ]   uid  tgid total_vm      rss pgtables_bytes swapents oom_score_adj name
[12345.678904] [12345]     100 12345  1234567   456789   6553600      0          -1000 python3
[12345.678905] oom_reaper: reaped process 12345 (python3), now anon-rss: 0kB, file-rss: 0kB, shmem-rss: 0kB
[12345.678901] Out of memory: Kill process 12345 (python3) score 800 or sacrifice child
[12345.678902] Killed process 12345 (python3) total-vm:1234567kB, anon-rss:456789kB, file-rss:0kB, shmem-rss:0kB
[12345.678903] [ pid ]   uid  tgid total_vm      rss pgtables_bytes swapents oom_score_adj name
[12345.678904] [12345]     100 12345  1234567   456789   6553600      0          -1000 python3
[12345.678905] oom_reaper: reaped process 12345 (python3), now anon-rss: 0kB, file-rss: 0kB, shmem-rss: 0kB